<?xml version="1.0" encoding="UTF-8"?>
<testsuite xmlns:xsi="http://www.w3.org/2001/XMLSchema-instance" xsi:noNamespaceSchemaLocation="https://maven.apache.org/surefire/maven-surefire-plugin/xsd/surefire-test-report.xsd" name="exercise_1_one_level_of_indentation.CatalogServiceTest" time="0.005" tests="3" errors="0" skipped="0" failures="0">
  <properties>
    <property name="java.specification.version" value="18"/>
    <property name="sun.jnu.encoding" value="UTF-8"/>
    <property name="java.class.path" value="/Users/zuhairwaheed/IdeaProjects/object-calisthenics-kata/target/test-classes:/Users/zuhairwaheed/IdeaProjects/object-calisthenics-kata/target/classes:/Users/zuhairwaheed/.m2/repository/org/apache/commons/commons-lang3/3.12.0/commons-lang3-3.12.0.jar:/Users/zuhairwaheed/.m2/repository/org/jetbrains/kotlin/kotlin-test-junit5/1.8.0/kotlin-test-junit5-1.8.0.jar:/Users/zuhairwaheed/.m2/repository/org/jetbrains/kotlin/kotlin-test/1.8.0/kotlin-test-1.8.0.jar:/Users/zuhairwaheed/.m2/repository/org/junit/jupiter/junit-jupiter-engine/5.9.2/junit-jupiter-engine-5.9.2.jar:/Users/zuhairwaheed/.m2/repository/org/junit/platform/junit-platform-engine/1.9.2/junit-platform-engine-1.9.2.jar:/Users/zuhairwaheed/.m2/repository/org/apiguardian/apiguardian-api/1.1.2/apiguardian-api-1.1.2.jar:/Users/zuhairwaheed/.m2/repository/org/junit/jupiter/junit-jupiter-api/5.9.2/junit-jupiter-api-5.9.2.jar:/Users/zuhairwaheed/.m2/repository/org/opentest4j/opentest4j/1.2.0/opentest4j-1.2.0.jar:/Users/zuhairwaheed/.m2/repository/org/junit/platform/junit-platform-commons/1.9.2/junit-platform-commons-1.9.2.jar:/Users/zuhairwaheed/.m2/repository/org/jetbrains/kotlin/kotlin-stdlib-jdk8/1.8.0/kotlin-stdlib-jdk8-1.8.0.jar:/Users/zuhairwaheed/.m2/repository/org/jetbrains/kotlin/kotlin-stdlib/1.8.0/kotlin-stdlib-1.8.0.jar:/Users/zuhairwaheed/.m2/repository/org/jetbrains/kotlin/kotlin-stdlib-common/1.8.0/kotlin-stdlib-common-1.8.0.jar:/Users/zuhairwaheed/.m2/repository/org/jetbrains/annotations/13.0/annotations-13.0.jar:/Users/zuhairwaheed/.m2/repository/org/jetbrains/kotlin/kotlin-stdlib-jdk7/1.8.0/kotlin-stdlib-jdk7-1.8.0.jar:"/>
    <property name="java.vm.vendor" value="Amazon.com Inc."/>
    <property name="sun.arch.data.model" value="64"/>
    <property name="java.vendor.url" value="https://aws.amazon.com/corretto/"/>
    <property name="os.name" value="Mac OS X"/>
    <property name="java.vm.specification.version" value="18"/>
    <property name="sun.java.launcher" value="SUN_STANDARD"/>
    <property name="user.country" value="PK"/>
    <property name="sun.boot.library.path" value="/Users/zuhairwaheed/Library/Java/JavaVirtualMachines/corretto-18.0.2/Contents/Home/lib"/>
    <property name="sun.java.command" value="/Users/zuhairwaheed/IdeaProjects/object-calisthenics-kata/target/surefire/surefirebooter17857592811569062589.jar /Users/zuhairwaheed/IdeaProjects/object-calisthenics-kata/target/surefire 2023-04-19T16-37-47_600-jvmRun1 surefire1545334613365190984tmp surefire_06564330835505663231tmp"/>
    <property name="http.nonProxyHosts" value="local|*.local|169.254/16|*.169.254/16"/>
    <property name="jdk.debug" value="release"/>
    <property name="surefire.test.class.path" value="/Users/zuhairwaheed/IdeaProjects/object-calisthenics-kata/target/test-classes:/Users/zuhairwaheed/IdeaProjects/object-calisthenics-kata/target/classes:/Users/zuhairwaheed/.m2/repository/org/apache/commons/commons-lang3/3.12.0/commons-lang3-3.12.0.jar:/Users/zuhairwaheed/.m2/repository/org/jetbrains/kotlin/kotlin-test-junit5/1.8.0/kotlin-test-junit5-1.8.0.jar:/Users/zuhairwaheed/.m2/repository/org/jetbrains/kotlin/kotlin-test/1.8.0/kotlin-test-1.8.0.jar:/Users/zuhairwaheed/.m2/repository/org/junit/jupiter/junit-jupiter-engine/5.9.2/junit-jupiter-engine-5.9.2.jar:/Users/zuhairwaheed/.m2/repository/org/junit/platform/junit-platform-engine/1.9.2/junit-platform-engine-1.9.2.jar:/Users/zuhairwaheed/.m2/repository/org/apiguardian/apiguardian-api/1.1.2/apiguardian-api-1.1.2.jar:/Users/zuhairwaheed/.m2/repository/org/junit/jupiter/junit-jupiter-api/5.9.2/junit-jupiter-api-5.9.2.jar:/Users/zuhairwaheed/.m2/repository/org/opentest4j/opentest4j/1.2.0/opentest4j-1.2.0.jar:/Users/zuhairwaheed/.m2/repository/org/junit/platform/junit-platform-commons/1.9.2/junit-platform-commons-1.9.2.jar:/Users/zuhairwaheed/.m2/repository/org/jetbrains/kotlin/kotlin-stdlib-jdk8/1.8.0/kotlin-stdlib-jdk8-1.8.0.jar:/Users/zuhairwaheed/.m2/repository/org/jetbrains/kotlin/kotlin-stdlib/1.8.0/kotlin-stdlib-1.8.0.jar:/Users/zuhairwaheed/.m2/repository/org/jetbrains/kotlin/kotlin-stdlib-common/1.8.0/kotlin-stdlib-common-1.8.0.jar:/Users/zuhairwaheed/.m2/repository/org/jetbrains/annotations/13.0/annotations-13.0.jar:/Users/zuhairwaheed/.m2/repository/org/jetbrains/kotlin/kotlin-stdlib-jdk7/1.8.0/kotlin-stdlib-jdk7-1.8.0.jar:"/>
    <property name="sun.cpu.endian" value="little"/>
    <property name="user.home" value="/Users/zuhairwaheed"/>
    <property name="user.language" value="en"/>
    <property name="java.specification.vendor" value="Oracle Corporation"/>
    <property name="java.version.date" value="2022-07-19"/>
    <property name="java.home" value="/Users/zuhairwaheed/Library/Java/JavaVirtualMachines/corretto-18.0.2/Contents/Home"/>
    <property name="file.separator" value="/"/>
    <property name="basedir" value="/Users/zuhairwaheed/IdeaProjects/object-calisthenics-kata"/>
    <property name="java.vm.compressedOopsMode" value="Zero based"/>
    <property name="line.separator" value="&#10;"/>
    <property name="java.vm.specification.vendor" value="Oracle Corporation"/>
    <property name="java.specification.name" value="Java Platform API Specification"/>
    <property name="apple.awt.application.name" value="ForkedBooter"/>
    <property name="surefire.real.class.path" value="/Users/zuhairwaheed/IdeaProjects/object-calisthenics-kata/target/surefire/surefirebooter17857592811569062589.jar"/>
    <property name="sun.management.compiler" value="HotSpot 64-Bit Tiered Compilers"/>
    <property name="ftp.nonProxyHosts" value="local|*.local|169.254/16|*.169.254/16"/>
    <property name="java.runtime.version" value="18.0.2+9-FR"/>
    <property name="user.name" value="zuhairwaheed"/>
    <property name="path.separator" value=":"/>
    <property name="os.version" value="12.1"/>
    <property name="java.runtime.name" value="OpenJDK Runtime Environment"/>
    <property name="file.encoding" value="UTF-8"/>
    <property name="java.vm.name" value="OpenJDK 64-Bit Server VM"/>
    <property name="java.vendor.version" value="Corretto-18.0.2.9.1"/>
    <property name="localRepository" value="/Users/zuhairwaheed/.m2/repository"/>
    <property name="java.vendor.url.bug" value="https://github.com/corretto/corretto-18/issues/"/>
    <property name="java.io.tmpdir" value="/var/folders/wp/jxfymb1529n3nksd0vm6dw900000gn/T/"/>
    <property name="idea.version" value="2022.1.4"/>
    <property name="java.version" value="18.0.2"/>
    <property name="user.dir" value="/Users/zuhairwaheed/IdeaProjects/object-calisthenics-kata"/>
    <property name="os.arch" value="aarch64"/>
    <property name="java.vm.specification.name" value="Java Virtual Machine Specification"/>
    <property name="native.encoding" value="US-ASCII"/>
    <property name="java.library.path" value="/Users/zuhairwaheed/Library/Java/Extensions:/Library/Java/Extensions:/Network/Library/Java/Extensions:/System/Library/Java/Extensions:/usr/lib/java:."/>
    <property name="java.vm.info" value="mixed mode, sharing"/>
    <property name="java.vendor" value="Amazon.com Inc."/>
    <property name="java.vm.version" value="18.0.2+9-FR"/>
    <property name="sun.io.unicode.encoding" value="UnicodeBig"/>
    <property name="socksNonProxyHosts" value="local|*.local|169.254/16|*.169.254/16"/>
    <property name="java.class.version" value="62.0"/>
  </properties>
  <testcase name="update with same category ID" classname="exercise_1_one_level_of_indentation.CatalogServiceTest" time="0.003"/>
  <testcase name="update where old mapping does not exist" classname="exercise_1_one_level_of_indentation.CatalogServiceTest" time="0.001"/>
  <testcase name="update with new category ID" classname="exercise_1_one_level_of_indentation.CatalogServiceTest" time="0.001"/>
</testsuite>